[2026-02-10T16:51:44.942+0000] {taskinstance.py:1956} INFO - Dependencies all met for dep_context=non-requeueable deps ti=<TaskInstance: olist_end_to_end_pipeline.1_ingest_bronze manual__2026-02-10T16:51:42.369230+00:00 [queued]>
[2026-02-10T16:51:44.944+0000] {taskinstance.py:1956} INFO - Dependencies all met for dep_context=requeueable deps ti=<TaskInstance: olist_end_to_end_pipeline.1_ingest_bronze manual__2026-02-10T16:51:42.369230+00:00 [queued]>
[2026-02-10T16:51:44.945+0000] {taskinstance.py:2170} INFO - Starting attempt 1 of 1
[2026-02-10T16:51:44.952+0000] {taskinstance.py:2191} INFO - Executing <Task(DatabricksSubmitRunOperator): 1_ingest_bronze> on 2026-02-10 16:51:42.369230+00:00
[2026-02-10T16:51:44.954+0000] {standard_task_runner.py:60} INFO - Started process 53 to run task
[2026-02-10T16:51:44.957+0000] {standard_task_runner.py:87} INFO - Running: ['airflow', 'tasks', 'run', 'olist_end_to_end_pipeline', '1_ingest_bronze', 'manual__2026-02-10T16:51:42.369230+00:00', '--job-id', '3', '--raw', '--subdir', 'DAGS_FOLDER/olist_pipeline.py', '--cfg-path', '/tmp/tmppv1bg4ub']
[2026-02-10T16:51:44.959+0000] {standard_task_runner.py:88} INFO - Job 3: Subtask 1_ingest_bronze
[2026-02-10T16:51:44.981+0000] {task_command.py:423} INFO - Running <TaskInstance: olist_end_to_end_pipeline.1_ingest_bronze manual__2026-02-10T16:51:42.369230+00:00 [running]> on host ad800f624f1b
[2026-02-10T16:51:45.012+0000] {taskinstance.py:2480} INFO - Exporting env vars: AIRFLOW_CTX_DAG_OWNER='serhat' AIRFLOW_CTX_DAG_ID='olist_end_to_end_pipeline' AIRFLOW_CTX_TASK_ID='1_ingest_bronze' AIRFLOW_CTX_EXECUTION_DATE='2026-02-10T16:51:42.369230+00:00' AIRFLOW_CTX_TRY_NUMBER='1' AIRFLOW_CTX_DAG_RUN_ID='manual__2026-02-10T16:51:42.369230+00:00'
[2026-02-10T16:51:45.014+0000] {base.py:83} INFO - Using connection ID 'databricks_default' for task execution.
[2026-02-10T16:51:45.055+0000] {databricks_base.py:546} INFO - Using basic auth.
[2026-02-10T16:51:45.059+0000] {databricks_base.py:516} ERROR - Attempt 1 API Request to Databricks failed with reason: <Future at 0xffffa1915940 state=finished raised ConnectionError>
[2026-02-10T16:51:46.068+0000] {databricks_base.py:516} ERROR - Attempt 2 API Request to Databricks failed with reason: <Future at 0xffffa18bf220 state=finished raised ConnectionError>
[2026-02-10T16:51:48.079+0000] {databricks_base.py:516} ERROR - Attempt 3 API Request to Databricks failed with reason: <Future at 0xffffa1915850 state=finished raised ConnectionError>
[2026-02-10T16:51:48.091+0000] {taskinstance.py:2698} ERROR - Task failed with exception
Traceback (most recent call last):
  File "/home/airflow/.local/lib/python3.8/site-packages/urllib3/connection.py", line 174, in _new_conn
    conn = connection.create_connection(
  File "/home/airflow/.local/lib/python3.8/site-packages/urllib3/util/connection.py", line 95, in create_connection
    raise err
  File "/home/airflow/.local/lib/python3.8/site-packages/urllib3/util/connection.py", line 85, in create_connection
    sock.connect(sa)
ConnectionRefusedError: [Errno 111] Connection refused

During handling of the above exception, another exception occurred:

Traceback (most recent call last):
  File "/home/airflow/.local/lib/python3.8/site-packages/urllib3/connectionpool.py", line 715, in urlopen
    httplib_response = self._make_request(
  File "/home/airflow/.local/lib/python3.8/site-packages/urllib3/connectionpool.py", line 404, in _make_request
    self._validate_conn(conn)
  File "/home/airflow/.local/lib/python3.8/site-packages/urllib3/connectionpool.py", line 1058, in _validate_conn
    conn.connect()
  File "/home/airflow/.local/lib/python3.8/site-packages/urllib3/connection.py", line 363, in connect
    self.sock = conn = self._new_conn()
  File "/home/airflow/.local/lib/python3.8/site-packages/urllib3/connection.py", line 186, in _new_conn
    raise NewConnectionError(
urllib3.exceptions.NewConnectionError: <urllib3.connection.HTTPSConnection object at 0xffffa1915eb0>: Failed to establish a new connection: [Errno 111] Connection refused

During handling of the above exception, another exception occurred:

Traceback (most recent call last):
  File "/home/airflow/.local/lib/python3.8/site-packages/requests/adapters.py", line 486, in send
    resp = conn.urlopen(
  File "/home/airflow/.local/lib/python3.8/site-packages/urllib3/connectionpool.py", line 799, in urlopen
    retries = retries.increment(
  File "/home/airflow/.local/lib/python3.8/site-packages/urllib3/util/retry.py", line 592, in increment
    raise MaxRetryError(_pool, url, error or ResponseError(cause))
urllib3.exceptions.MaxRetryError: HTTPSConnectionPool(host='localhost', port=443): Max retries exceeded with url: /api/2.1/jobs/runs/submit (Caused by NewConnectionError('<urllib3.connection.HTTPSConnection object at 0xffffa1915eb0>: Failed to establish a new connection: [Errno 111] Connection refused'))

During handling of the above exception, another exception occurred:

Traceback (most recent call last):
  File "/home/airflow/.local/lib/python3.8/site-packages/airflow/providers/databricks/hooks/databricks_base.py", line 564, in _do_api_call
    response = request_func(
  File "/home/airflow/.local/lib/python3.8/site-packages/requests/api.py", line 115, in post
    return request("post", url, data=data, json=json, **kwargs)
  File "/home/airflow/.local/lib/python3.8/site-packages/requests/api.py", line 59, in request
    return session.request(method=method, url=url, **kwargs)
  File "/home/airflow/.local/lib/python3.8/site-packages/requests/sessions.py", line 589, in request
    resp = self.send(prep, **send_kwargs)
  File "/home/airflow/.local/lib/python3.8/site-packages/requests/sessions.py", line 703, in send
    r = adapter.send(request, **kwargs)
  File "/home/airflow/.local/lib/python3.8/site-packages/requests/adapters.py", line 519, in send
    raise ConnectionError(e, request=request)
requests.exceptions.ConnectionError: HTTPSConnectionPool(host='localhost', port=443): Max retries exceeded with url: /api/2.1/jobs/runs/submit (Caused by NewConnectionError('<urllib3.connection.HTTPSConnection object at 0xffffa1915eb0>: Failed to establish a new connection: [Errno 111] Connection refused'))

The above exception was the direct cause of the following exception:

Traceback (most recent call last):
  File "/home/airflow/.local/lib/python3.8/site-packages/airflow/providers/databricks/hooks/databricks_base.py", line 562, in _do_api_call
    for attempt in self._get_retry_object():
  File "/home/airflow/.local/lib/python3.8/site-packages/tenacity/__init__.py", line 347, in __iter__
    do = self.iter(retry_state=retry_state)
  File "/home/airflow/.local/lib/python3.8/site-packages/tenacity/__init__.py", line 326, in iter
    raise retry_exc from fut.exception()
tenacity.RetryError: RetryError[<Future at 0xffffa1915850 state=finished raised ConnectionError>]

During handling of the above exception, another exception occurred:

Traceback (most recent call last):
  File "/home/airflow/.local/lib/python3.8/site-packages/airflow/models/taskinstance.py", line 433, in _execute_task
    result = execute_callable(context=context, **execute_callable_kwargs)
  File "/home/airflow/.local/lib/python3.8/site-packages/airflow/providers/databricks/operators/databricks.py", line 624, in execute
    self.run_id = self._hook.submit_run(json_normalised)
  File "/home/airflow/.local/lib/python3.8/site-packages/airflow/providers/databricks/hooks/databricks.py", line 263, in submit_run
    response = self._do_api_call(SUBMIT_RUN_ENDPOINT, json)
  File "/home/airflow/.local/lib/python3.8/site-packages/airflow/providers/databricks/hooks/databricks_base.py", line 575, in _do_api_call
    raise AirflowException(f"API requests to Databricks failed {self.retry_limit} times. Giving up.")
airflow.exceptions.AirflowException: API requests to Databricks failed 3 times. Giving up.
[2026-02-10T16:51:48.097+0000] {taskinstance.py:1138} INFO - Marking task as FAILED. dag_id=olist_end_to_end_pipeline, task_id=1_ingest_bronze, execution_date=20260210T165142, start_date=20260210T165144, end_date=20260210T165148
[2026-02-10T16:51:48.109+0000] {standard_task_runner.py:107} ERROR - Failed to execute job 3 for task 1_ingest_bronze (API requests to Databricks failed 3 times. Giving up.; 53)
[2026-02-10T16:51:48.136+0000] {local_task_job_runner.py:234} INFO - Task exited with return code 1
[2026-02-10T16:51:48.154+0000] {taskinstance.py:3280} INFO - 0 downstream tasks scheduled from follow-on schedule check
