[2026-02-10T17:52:56.134+0000] {taskinstance.py:1956} INFO - Dependencies all met for dep_context=non-requeueable deps ti=<TaskInstance: olist_end_to_end_pipeline.3_transform_silver manual__2026-02-10T17:51:09.311666+00:00 [queued]>
[2026-02-10T17:52:56.137+0000] {taskinstance.py:1956} INFO - Dependencies all met for dep_context=requeueable deps ti=<TaskInstance: olist_end_to_end_pipeline.3_transform_silver manual__2026-02-10T17:51:09.311666+00:00 [queued]>
[2026-02-10T17:52:56.137+0000] {taskinstance.py:2170} INFO - Starting attempt 1 of 1
[2026-02-10T17:52:56.144+0000] {taskinstance.py:2191} INFO - Executing <Task(DatabricksRunNowOperator): 3_transform_silver> on 2026-02-10 17:51:09.311666+00:00
[2026-02-10T17:52:56.147+0000] {standard_task_runner.py:60} INFO - Started process 312 to run task
[2026-02-10T17:52:56.149+0000] {standard_task_runner.py:87} INFO - Running: ['airflow', 'tasks', 'run', 'olist_end_to_end_pipeline', '3_transform_silver', 'manual__2026-02-10T17:51:09.311666+00:00', '--job-id', '17', '--raw', '--subdir', 'DAGS_FOLDER/olist_pipeline.py', '--cfg-path', '/tmp/tmpy4ix4kxh']
[2026-02-10T17:52:56.150+0000] {standard_task_runner.py:88} INFO - Job 17: Subtask 3_transform_silver
[2026-02-10T17:52:56.170+0000] {task_command.py:423} INFO - Running <TaskInstance: olist_end_to_end_pipeline.3_transform_silver manual__2026-02-10T17:51:09.311666+00:00 [running]> on host ad800f624f1b
[2026-02-10T17:52:56.200+0000] {taskinstance.py:2480} INFO - Exporting env vars: AIRFLOW_CTX_DAG_OWNER='serhat' AIRFLOW_CTX_DAG_ID='olist_end_to_end_pipeline' AIRFLOW_CTX_TASK_ID='3_transform_silver' AIRFLOW_CTX_EXECUTION_DATE='2026-02-10T17:51:09.311666+00:00' AIRFLOW_CTX_TRY_NUMBER='1' AIRFLOW_CTX_DAG_RUN_ID='manual__2026-02-10T17:51:09.311666+00:00'
[2026-02-10T17:52:56.203+0000] {base.py:83} INFO - Using connection ID 'databricks_default' for task execution.
[2026-02-10T17:52:57.892+0000] {databricks.py:66} INFO - Run submitted with run_id: 582008450451583
[2026-02-10T17:52:59.503+0000] {databricks.py:128} INFO - 3_transform_silver in run state: {'life_cycle_state': 'RUNNING', 'result_state': '', 'state_message': ''}
[2026-02-10T17:52:59.505+0000] {databricks.py:129} INFO - View run status, Spark UI, and logs at https://dbc-020ab467-e77c.cloud.databricks.com/?o=7474655064357178#job/25465186672948/run/582008450451583
[2026-02-10T17:52:59.505+0000] {databricks.py:130} INFO - Sleeping for 30 seconds.
[2026-02-10T17:53:29.594+0000] {databricks_base.py:516} ERROR - Attempt 1 API Request to Databricks failed with reason: <Future at 0xffff8874fbe0 state=finished raised ConnectionError>
[2026-02-10T17:53:30.609+0000] {databricks_base.py:516} ERROR - Attempt 2 API Request to Databricks failed with reason: <Future at 0xffff88726430 state=finished raised ConnectionError>
[2026-02-10T17:53:32.776+0000] {databricks_base.py:516} ERROR - Attempt 3 API Request to Databricks failed with reason: <Future at 0xffff8874fbe0 state=finished raised ConnectionError>
[2026-02-10T17:53:32.840+0000] {taskinstance.py:2698} ERROR - Task failed with exception
Traceback (most recent call last):
  File "/home/airflow/.local/lib/python3.8/site-packages/urllib3/connection.py", line 174, in _new_conn
    conn = connection.create_connection(
  File "/home/airflow/.local/lib/python3.8/site-packages/urllib3/util/connection.py", line 72, in create_connection
    for res in socket.getaddrinfo(host, port, family, socket.SOCK_STREAM):
  File "/usr/local/lib/python3.8/socket.py", line 918, in getaddrinfo
    for res in _socket.getaddrinfo(host, port, family, type, proto, flags):
socket.gaierror: [Errno -2] Name or service not known

During handling of the above exception, another exception occurred:

Traceback (most recent call last):
  File "/home/airflow/.local/lib/python3.8/site-packages/urllib3/connectionpool.py", line 715, in urlopen
    httplib_response = self._make_request(
  File "/home/airflow/.local/lib/python3.8/site-packages/urllib3/connectionpool.py", line 404, in _make_request
    self._validate_conn(conn)
  File "/home/airflow/.local/lib/python3.8/site-packages/urllib3/connectionpool.py", line 1058, in _validate_conn
    conn.connect()
  File "/home/airflow/.local/lib/python3.8/site-packages/urllib3/connection.py", line 363, in connect
    self.sock = conn = self._new_conn()
  File "/home/airflow/.local/lib/python3.8/site-packages/urllib3/connection.py", line 186, in _new_conn
    raise NewConnectionError(
urllib3.exceptions.NewConnectionError: <urllib3.connection.HTTPSConnection object at 0xffff886db670>: Failed to establish a new connection: [Errno -2] Name or service not known

During handling of the above exception, another exception occurred:

Traceback (most recent call last):
  File "/home/airflow/.local/lib/python3.8/site-packages/requests/adapters.py", line 486, in send
    resp = conn.urlopen(
  File "/home/airflow/.local/lib/python3.8/site-packages/urllib3/connectionpool.py", line 799, in urlopen
    retries = retries.increment(
  File "/home/airflow/.local/lib/python3.8/site-packages/urllib3/util/retry.py", line 592, in increment
    raise MaxRetryError(_pool, url, error or ResponseError(cause))
urllib3.exceptions.MaxRetryError: HTTPSConnectionPool(host='dbc-020ab467-e77c.cloud.databricks.com', port=443): Max retries exceeded with url: /api/2.1/jobs/runs/get?run_id=582008450451583 (Caused by NewConnectionError('<urllib3.connection.HTTPSConnection object at 0xffff886db670>: Failed to establish a new connection: [Errno -2] Name or service not known'))

During handling of the above exception, another exception occurred:

Traceback (most recent call last):
  File "/home/airflow/.local/lib/python3.8/site-packages/airflow/providers/databricks/hooks/databricks_base.py", line 564, in _do_api_call
    response = request_func(
  File "/home/airflow/.local/lib/python3.8/site-packages/requests/api.py", line 73, in get
    return request("get", url, params=params, **kwargs)
  File "/home/airflow/.local/lib/python3.8/site-packages/requests/api.py", line 59, in request
    return session.request(method=method, url=url, **kwargs)
  File "/home/airflow/.local/lib/python3.8/site-packages/requests/sessions.py", line 589, in request
    resp = self.send(prep, **send_kwargs)
  File "/home/airflow/.local/lib/python3.8/site-packages/requests/sessions.py", line 703, in send
    r = adapter.send(request, **kwargs)
  File "/home/airflow/.local/lib/python3.8/site-packages/requests/adapters.py", line 519, in send
    raise ConnectionError(e, request=request)
requests.exceptions.ConnectionError: HTTPSConnectionPool(host='dbc-020ab467-e77c.cloud.databricks.com', port=443): Max retries exceeded with url: /api/2.1/jobs/runs/get?run_id=582008450451583 (Caused by NewConnectionError('<urllib3.connection.HTTPSConnection object at 0xffff886db670>: Failed to establish a new connection: [Errno -2] Name or service not known'))

The above exception was the direct cause of the following exception:

Traceback (most recent call last):
  File "/home/airflow/.local/lib/python3.8/site-packages/airflow/providers/databricks/hooks/databricks_base.py", line 562, in _do_api_call
    for attempt in self._get_retry_object():
  File "/home/airflow/.local/lib/python3.8/site-packages/tenacity/__init__.py", line 347, in __iter__
    do = self.iter(retry_state=retry_state)
  File "/home/airflow/.local/lib/python3.8/site-packages/tenacity/__init__.py", line 326, in iter
    raise retry_exc from fut.exception()
tenacity.RetryError: RetryError[<Future at 0xffff8874fbe0 state=finished raised ConnectionError>]

During handling of the above exception, another exception occurred:

Traceback (most recent call last):
  File "/home/airflow/.local/lib/python3.8/site-packages/airflow/models/taskinstance.py", line 433, in _execute_task
    result = execute_callable(context=context, **execute_callable_kwargs)
  File "/home/airflow/.local/lib/python3.8/site-packages/airflow/providers/databricks/operators/databricks.py", line 922, in execute
    _handle_databricks_operator_execution(self, hook, self.log, context)
  File "/home/airflow/.local/lib/python3.8/site-packages/airflow/providers/databricks/operators/databricks.py", line 73, in _handle_databricks_operator_execution
    run_info = hook.get_run(operator.run_id)
  File "/home/airflow/.local/lib/python3.8/site-packages/airflow/providers/databricks/hooks/databricks.py", line 462, in get_run
    response = self._do_api_call(GET_RUN_ENDPOINT, json)
  File "/home/airflow/.local/lib/python3.8/site-packages/airflow/providers/databricks/hooks/databricks_base.py", line 575, in _do_api_call
    raise AirflowException(f"API requests to Databricks failed {self.retry_limit} times. Giving up.")
airflow.exceptions.AirflowException: API requests to Databricks failed 3 times. Giving up.
[2026-02-10T17:53:32.858+0000] {taskinstance.py:1138} INFO - Marking task as FAILED. dag_id=olist_end_to_end_pipeline, task_id=3_transform_silver, execution_date=20260210T175109, start_date=20260210T175256, end_date=20260210T175332
[2026-02-10T17:53:32.880+0000] {standard_task_runner.py:107} ERROR - Failed to execute job 17 for task 3_transform_silver (API requests to Databricks failed 3 times. Giving up.; 312)
[2026-02-10T17:53:32.914+0000] {local_task_job_runner.py:234} INFO - Task exited with return code 1
[2026-02-10T17:53:32.956+0000] {taskinstance.py:3280} INFO - 0 downstream tasks scheduled from follow-on schedule check
